<?xml version="1.0" encoding="UTF-8" ?>
<testsuite tests="6" failures="0" name="testUnitaire.TestAliment" time="0.001" errors="0" skipped="0">
  <properties>
[...]
</properties>
  <testcase classname="testUnitaire.TestAliment" name="testGetTypeAliment" time="0.001"/>
  <testcase classname="testUnitaire.TestAliment" name="testConstructeurAvecParametres" time="0"/>
  <testcase classname="testUnitaire.TestAliment" name="testGetMoyenConservation" time="0"/>
  <testcase classname="testUnitaire.TestAliment" name="testGetId" time="0"/>
  <testcase classname="testUnitaire.TestAliment" name="testGetUniteMesure" time="0"/>
  <testcase classname="testUnitaire.TestAliment" name="testGetNom" time="0"/>
</testsuite>